<?xml version="1.0" encoding="UTF-8"?>
<!-- Generated by org.testng.reporters.JUnitReportReporter -->
<testsuite skipped="0" hostname="Lenovo-PC" name="executetests.InputFormTest" tests="1" failures="0" timestamp="2022-08-15T09:32:11 IST" time="7.911" errors="0">
  <testcase name="verifyTheTextMessage" time="7.911" classname="executetests.InputFormTest"/>
  <system-out/>
</testsuite> <!-- executetests.InputFormTest -->
