<?xml version="1.0" encoding="UTF-8"?>
<!-- Generated by org.testng.reporters.JUnitReportReporter -->
<testsuite skipped="0" hostname="Lenovo-PC" name="executetests.HomeTest" tests="1" failures="0" timestamp="2022-08-15T09:32:11 IST" time="26.723" errors="0">
  <testcase name="verifyWhetherTheLogoIsDisplayed" time="26.723" classname="executetests.HomeTest"/>
  <system-out/>
</testsuite> <!-- executetests.HomeTest -->
