<?xml version="1.0" encoding="UTF-8"?>
<!-- Generated by org.testng.reporters.JUnitReportReporter -->
<testsuite skipped="0" hostname="Lenovo-PC" name="executetests.HomeTest" tests="1" failures="0" timestamp="15 Aug 2022 08:13:21 GMT" time="24.725" errors="0">
  <testcase name="verifyWhetherTheLogoIsDisplayed" time="24.725" classname="executetests.HomeTest"/>
</testsuite> <!-- executetests.HomeTest -->
