<?xml version="1.0" encoding="UTF-8"?>
<!-- Generated by org.testng.reporters.JUnitReportReporter -->
<testsuite skipped="0" hostname="Lenovo-PC" name="executetests.InputFormTest" tests="1" failures="0" timestamp="16 Aug 2022 02:17:48 GMT" time="20.283" errors="0">
  <testcase name="verifyThatInformFormpageIsLoaded" time="20.283" classname="executetests.InputFormTest"/>
</testsuite> <!-- executetests.InputFormTest -->
